<?xml version="1.0" encoding="UTF-8"?>
<!-- Generated by org.testng.reporters.JUnitXMLReporter -->
<testsuite ignored="0" hostname="Ammars-MacBook-Air.local" failures="0" tests="3" name="Default test" time="4.799" errors="0" timestamp="2024-01-19T11:21:33 EET">
  <testcase classname="testcases.postSearchHotels" name="invalidCase_CheckOutbeforIn" time="3.209"/>
  <testcase classname="testcases.postSearchHotels" name="nullDates" time="0.434"/>
  <testcase classname="testcases.postSearchHotels" name="validateidentifier" time="1.097"/>
</testsuite> <!-- Default test -->
