<?xml version="1.0" encoding="UTF-8"?>
<testng-results ignored="0" total="3" passed="3" failed="0" skipped="0">
  <reporter-output>
  </reporter-output>
  <suite started-at="2024-01-19T11:21:23 EET" name="Default suite" finished-at="2024-01-19T11:21:28 EET" duration-ms="4799">
    <groups>
    </groups>
    <test started-at="2024-01-19T11:21:23 EET" name="Default test" finished-at="2024-01-19T11:21:28 EET" duration-ms="4799">
      <class name="testcases.postSearchHotels">
        <test-method is-config="true" signature="setData()[pri:0, instance:testcases.postSearchHotels@7c24b813]" started-at="2024-01-19T11:21:23 EET" name="setData" finished-at="2024-01-19T11:21:23 EET" duration-ms="9" status="PASS">
          <reporter-output>
          </reporter-output>
        </test-method> <!-- setData -->
        <test-method signature="invalidCase_CheckOutbeforIn()[pri:0, instance:testcases.postSearchHotels@7c24b813]" started-at="2024-01-19T11:21:23 EET" name="invalidCase_CheckOutbeforIn" finished-at="2024-01-19T11:21:27 EET" duration-ms="3209" status="PASS">
          <reporter-output>
          </reporter-output>
        </test-method> <!-- invalidCase_CheckOutbeforIn -->
        <test-method is-config="true" signature="setData()[pri:0, instance:testcases.postSearchHotels@7c24b813]" started-at="2024-01-19T11:21:27 EET" name="setData" finished-at="2024-01-19T11:21:27 EET" duration-ms="1" status="PASS">
          <reporter-output>
          </reporter-output>
        </test-method> <!-- setData -->
        <test-method signature="nullDates()[pri:0, instance:testcases.postSearchHotels@7c24b813]" started-at="2024-01-19T11:21:27 EET" name="nullDates" finished-at="2024-01-19T11:21:27 EET" duration-ms="434" status="PASS">
          <reporter-output>
          </reporter-output>
        </test-method> <!-- nullDates -->
        <test-method is-config="true" signature="setData()[pri:0, instance:testcases.postSearchHotels@7c24b813]" started-at="2024-01-19T11:21:27 EET" name="setData" finished-at="2024-01-19T11:21:27 EET" duration-ms="2" status="PASS">
          <reporter-output>
          </reporter-output>
        </test-method> <!-- setData -->
        <test-method signature="validateidentifier()[pri:0, instance:testcases.postSearchHotels@7c24b813]" started-at="2024-01-19T11:21:27 EET" name="validateidentifier" finished-at="2024-01-19T11:21:28 EET" duration-ms="1097" status="PASS">
          <reporter-output>
          </reporter-output>
        </test-method> <!-- validateidentifier -->
      </class> <!-- testcases.postSearchHotels -->
    </test> <!-- Default test -->
  </suite> <!-- Default suite -->
</testng-results>
