<?xml version="1.0" encoding="UTF-8"?>
<testng-results ignored="0" total="1" passed="1" failed="0" skipped="0">
  <reporter-output>
  </reporter-output>
  <suite started-at="2024-01-12T23:52:38 EET" name="Default suite" finished-at="2024-01-12T23:52:40 EET" duration-ms="2607">
    <groups>
    </groups>
    <test started-at="2024-01-12T23:52:38 EET" name="Default test" finished-at="2024-01-12T23:52:40 EET" duration-ms="2607">
      <class name="testcases.postSearchHotels">
        <test-method is-config="true" signature="setData()[pri:0, instance:testcases.postSearchHotels@6a1d204a]" started-at="2024-01-12T23:52:38 EET" name="setData" finished-at="2024-01-12T23:52:38 EET" duration-ms="22" status="PASS">
          <reporter-output>
          </reporter-output>
        </test-method> <!-- setData -->
        <test-method signature="validateidentifier()[pri:0, instance:testcases.postSearchHotels@6a1d204a]" started-at="2024-01-12T23:52:38 EET" name="validateidentifier" finished-at="2024-01-12T23:52:40 EET" duration-ms="2467" status="PASS">
          <reporter-output>
          </reporter-output>
        </test-method> <!-- validateidentifier -->
      </class> <!-- testcases.postSearchHotels -->
    </test> <!-- Default test -->
  </suite> <!-- Default suite -->
</testng-results>
